<?xml version="1.0" encoding="UTF-8"?>
<!-- Generated by org.testng.reporters.JUnitXMLReporter -->
<testsuite hostname="DESKTOP-OPND05L" name="Command line test" tests="4" failures="0" timestamp="27 Apr 2020 13:26:24 GMT" time="120.361" errors="0">
  <testcase name="testLaunchPage" time="10.519" classname="com.amazonassignment.testcases.LaunchPageTest"/>
  <testcase name="doLogin" time="37.056" classname="com.amazonassignment.testcases.LogInProcessTest"/>
  <testcase name="testSignInPage" time="10.139" classname="com.amazonassignment.testcases.SignInPageTest"/>
  <testcase name="searcResults" time="56.278" classname="com.amazonassignment.testcases.searchProcessTest"/>
</testsuite> <!-- Command line test -->
